Arguments: 
  C:\Program Files\node_js_2\node.exe C:\Users\IND\AppData\Roaming\npm\node_modules\yarn\bin\yarn.js add express socket.io moment --save

PATH: 
  C:\Program Files (x86)\ActiveState Komodo IDE 12\;C:\Windows\system32;C:\Windows;C:\Windows\System32\Wbem;C:\Windows\System32\WindowsPowerShell\v1.0\;C:\Program Files (x86)\NVIDIA Corporation\PhysX\Common;C:\Program Files (x86)\Intel\Intel(R) Management Engine Components\DAL;C:\Program Files\Intel\Intel(R) Management Engine Components\DAL;C:\Program Files\dotnet\;C:\Program Files\Microsoft SQL Server\130\Tools\Binn\;C:\Program Files\Microsoft SQL Server\Client SDK\ODBC\170\Tools\Binn\;C:\Program Files (x86)\Microsoft SQL Server\100\Tools\Binn\;C:\Program Files\Microsoft SQL Server\100\Tools\Binn\;C:\Program Files\Microsoft SQL Server\100\DTS\Binn\;C:\Program Files\MongoDB\Server\4.4\bin;C:\Windows\system32\config\systemprofile\.dnx\bin;C:\Program Files\Microsoft DNX\Dnvm\;C:\Program Files\Microsoft SQL Server\120\Tools\Binn\;C:\Program Files (x86)\Microsoft Emulator Manager\1.0\;C:\wamp1\wampa64\bin\php\php7.3.12;C:\ProgramData\ComposerSetup\bin;C:\Program Files\Git\cmd;C:\Program Files\node_js_2\;C:\Program Files\MySQL\MySQL Shell 8.0\bin\;C:\Users\IND\AppData\Local\Microsoft\WindowsApps;C:\ProgramData\IND\atom\bin;C:\Users\IND\.dotnet\tools;C:\Users\IND\AppData\Roaming\Composer\vendor\bin;C:\MinGW\bin;C:\Users\IND\AppData\Local\GitHubDesktop\bin;C:\Users\IND\AppData\Local\atom\bin;C:\Users\IND\AppData\Local\Programs\Microsoft VS Code\bin;C:\Users\IND\AppData\Roaming\npm;C:\Program Files\heroku\bin

Yarn version: 
  1.22.15

Node version: 
  14.18.1

Platform: 
  win32 x64

Trace: 
  Error: getaddrinfo ENOTFOUND registry.yarnpkg.com
      at GetAddrInfoReqWrap.onlookup [as oncomplete] (dns.js:71:26)

npm manifest: 
  {
    "name": "santraChat",
    "version": "1.0.0",
    "description": "realtime chat application with rooms",
    "main": "index.js",
    "scripts": {
      "test": "echo \"Error: no test specified\" && exit 1"
    },
    "keywords": [],
    "author": "Manoj Santra",
    "license": "ISC"
  }

yarn manifest: 
  No manifest

Lockfile: 
  No lockfile
